2017-04-13 11:01:10,715 [INFO] from application in ForkJoinPool-1-worker-3 - Creating Pool for datasource 'default'
2017-04-13 11:01:10,978 [INFO] from play.api.db.DefaultDBApi in ForkJoinPool-1-worker-3 - Database [default] connected at jdbc:mysql://localhost:3306/social_data?useSSL=false
2017-04-13 11:01:11,788 [INFO] from play.api.Play in ForkJoinPool-1-worker-3 - Application started (Dev)
2017-04-13 11:07:30,435 [INFO] from application in application-akka.actor.default-dispatcher-6 - Shutting down connection pool.
2017-04-13 11:07:30,572 [INFO] from application in application-akka.actor.default-dispatcher-6 - Creating Pool for datasource 'default'
2017-04-13 11:07:30,582 [INFO] from play.api.db.DefaultDBApi in application-akka.actor.default-dispatcher-6 - Database [default] connected at jdbc:mysql://localhost:3306/social_data?useSSL=false
2017-04-13 11:07:30,743 [INFO] from play.api.Play in application-akka.actor.default-dispatcher-6 - Application started (Dev)
2017-04-13 11:08:09,092 [INFO] from application in application-akka.actor.default-dispatcher-2 - Shutting down connection pool.
2017-04-13 11:08:09,219 [INFO] from application in application-akka.actor.default-dispatcher-2 - Creating Pool for datasource 'default'
2017-04-13 11:08:09,228 [INFO] from play.api.db.DefaultDBApi in application-akka.actor.default-dispatcher-2 - Database [default] connected at jdbc:mysql://localhost:3306/social_data?useSSL=false
2017-04-13 11:08:09,416 [INFO] from play.api.Play in application-akka.actor.default-dispatcher-2 - Application started (Dev)
2017-04-13 11:10:30,730 [INFO] from application in application-akka.actor.default-dispatcher-2 - Shutting down connection pool.
2017-04-13 11:10:30,833 [INFO] from application in application-akka.actor.default-dispatcher-2 - Creating Pool for datasource 'default'
2017-04-13 11:10:30,841 [INFO] from play.api.db.DefaultDBApi in application-akka.actor.default-dispatcher-2 - Database [default] connected at jdbc:mysql://localhost:3306/social_data?useSSL=false
2017-04-13 11:10:31,005 [INFO] from play.api.Play in application-akka.actor.default-dispatcher-2 - Application started (Dev)
2017-04-13 11:10:47,481 [INFO] from application in application-akka.actor.default-dispatcher-7 - Shutting down connection pool.
2017-04-13 11:10:47,601 [INFO] from application in application-akka.actor.default-dispatcher-7 - Creating Pool for datasource 'default'
2017-04-13 11:10:47,611 [INFO] from play.api.db.DefaultDBApi in application-akka.actor.default-dispatcher-7 - Database [default] connected at jdbc:mysql://localhost:3306/social_data?useSSL=false
2017-04-13 11:10:47,797 [INFO] from play.api.Play in application-akka.actor.default-dispatcher-7 - Application started (Dev)
2017-04-13 11:14:58,809 [INFO] from application in application-akka.actor.default-dispatcher-3 - Shutting down connection pool.
2017-04-13 11:14:58,913 [INFO] from application in application-akka.actor.default-dispatcher-3 - Creating Pool for datasource 'default'
2017-04-13 11:14:58,922 [INFO] from play.api.db.DefaultDBApi in application-akka.actor.default-dispatcher-3 - Database [default] connected at jdbc:mysql://localhost:3306/social_data?useSSL=false
2017-04-13 11:14:59,102 [INFO] from play.api.Play in application-akka.actor.default-dispatcher-3 - Application started (Dev)
2017-04-13 11:16:42,334 [INFO] from application in application-akka.actor.default-dispatcher-2 - Shutting down connection pool.
2017-04-13 11:16:42,440 [INFO] from application in application-akka.actor.default-dispatcher-2 - Creating Pool for datasource 'default'
2017-04-13 11:16:42,449 [INFO] from play.api.db.DefaultDBApi in application-akka.actor.default-dispatcher-2 - Database [default] connected at jdbc:mysql://localhost:3306/social_data?useSSL=false
2017-04-13 11:16:42,671 [INFO] from play.api.Play in application-akka.actor.default-dispatcher-2 - Application started (Dev)
2017-04-13 11:17:25,654 [INFO] from application in application-akka.actor.default-dispatcher-3 - Shutting down connection pool.
2017-04-13 11:17:25,785 [INFO] from application in application-akka.actor.default-dispatcher-3 - Creating Pool for datasource 'default'
2017-04-13 11:17:25,796 [INFO] from play.api.db.DefaultDBApi in application-akka.actor.default-dispatcher-3 - Database [default] connected at jdbc:mysql://localhost:3306/social_data?useSSL=false
2017-04-13 11:17:26,012 [INFO] from play.api.Play in application-akka.actor.default-dispatcher-3 - Application started (Dev)
2017-04-13 11:20:27,738 [INFO] from application in application-akka.actor.default-dispatcher-2 - Shutting down connection pool.
2017-04-13 11:20:27,826 [INFO] from application in application-akka.actor.default-dispatcher-2 - Creating Pool for datasource 'default'
2017-04-13 11:20:27,835 [INFO] from play.api.db.DefaultDBApi in application-akka.actor.default-dispatcher-2 - Database [default] connected at jdbc:mysql://localhost:3306/social_data?useSSL=false
2017-04-13 11:20:27,981 [INFO] from play.api.Play in application-akka.actor.default-dispatcher-2 - Application started (Dev)
2017-04-13 11:21:19,631 [INFO] from application in application-akka.actor.default-dispatcher-4 - Shutting down connection pool.
2017-04-13 11:21:19,779 [INFO] from application in application-akka.actor.default-dispatcher-4 - Creating Pool for datasource 'default'
2017-04-13 11:21:19,789 [INFO] from play.api.db.DefaultDBApi in application-akka.actor.default-dispatcher-4 - Database [default] connected at jdbc:mysql://localhost:3306/social_data?useSSL=false
2017-04-13 11:21:20,416 [INFO] from play.api.Play in application-akka.actor.default-dispatcher-4 - Application started (Dev)
2017-04-13 11:21:34,484 [ERROR] from application in netty-event-loop-11 - 

! @73k2lj4jf - Internal server error, for (GET) [/profile] ->
 
play.sbt.PlayExceptions$UnexpectedException: Unexpected exception[FileNotFoundException: C:\Users\alex\Coding\CSC435\SocialAppRepo\PlayGSA\target\scala-2.11\classes\views\html\profile.class (The system cannot find the file specified)]
	at play.sbt.run.PlayReload$$anonfun$taskFailureHandler$1.apply(PlayReload.scala:51)
	at play.sbt.run.PlayReload$$anonfun$taskFailureHandler$1.apply(PlayReload.scala:44)
	at scala.Option.map(Option.scala:145)
	at play.sbt.run.PlayReload$.taskFailureHandler(PlayReload.scala:44)
	at play.sbt.run.PlayReload$.compileFailure(PlayReload.scala:40)
	at play.sbt.run.PlayReload$$anonfun$compile$1.apply(PlayReload.scala:17)
	at play.sbt.run.PlayReload$$anonfun$compile$1.apply(PlayReload.scala:17)
	at scala.util.Either$LeftProjection.map(Either.scala:377)
	at play.sbt.run.PlayReload$.compile(PlayReload.scala:17)
	at play.sbt.run.PlayRun$$anonfun$playRunTask$1$$anonfun$apply$2$$anonfun$apply$3$$anonfun$2.apply(PlayRun.scala:61)
	at play.sbt.run.PlayRun$$anonfun$playRunTask$1$$anonfun$apply$2$$anonfun$apply$3$$anonfun$2.apply(PlayRun.scala:61)
	at play.runsupport.Reloader$$anonfun$reload$1.apply(Reloader.scala:339)
	at play.runsupport.Reloader$$anon$3.run(Reloader.scala:44)
	at java.security.AccessController.doPrivileged(Native Method)
	at play.runsupport.Reloader$.play$runsupport$Reloader$$withReloaderContextClassLoader(Reloader.scala:40)
	at play.runsupport.Reloader.reload(Reloader.scala:337)
	at play.core.server.DevServerStart$$anonfun$mainDev$1$$anon$1$$anonfun$get$1.apply(DevServerStart.scala:123)
	at play.core.server.DevServerStart$$anonfun$mainDev$1$$anon$1$$anonfun$get$1.apply(DevServerStart.scala:121)
	at scala.concurrent.impl.Future$PromiseCompletingRunnable.liftedTree1$1(Future.scala:24)
	at scala.concurrent.impl.Future$PromiseCompletingRunnable.run(Future.scala:24)
	at akka.dispatch.TaskInvocation.run(AbstractDispatcher.scala:39)
	at akka.dispatch.ForkJoinExecutorConfigurator$AkkaForkJoinTask.exec(AbstractDispatcher.scala:415)
	at scala.concurrent.forkjoin.ForkJoinTask.doExec(ForkJoinTask.java:260)
	at scala.concurrent.forkjoin.ForkJoinPool$WorkQueue.runTask(ForkJoinPool.java:1339)
	at scala.concurrent.forkjoin.ForkJoinPool.runWorker(ForkJoinPool.java:1979)
	at scala.concurrent.forkjoin.ForkJoinWorkerThread.run(ForkJoinWorkerThread.java:107)
Caused by: java.io.FileNotFoundException: C:\Users\alex\Coding\CSC435\SocialAppRepo\PlayGSA\target\scala-2.11\classes\views\html\profile.class (The system cannot find the file specified)
	at java.io.FileInputStream.open0(Native Method)
	at java.io.FileInputStream.open(FileInputStream.java:195)
	at java.io.FileInputStream.<init>(FileInputStream.java:138)
	at play.core.enhancers.PropertiesEnhancer.rewriteAccess(PropertiesEnhancer.java:145)
	at com.typesafe.play.sbt.enhancer.PlayEnhancer$$anonfun$scopedSettings$4.apply(PlayEnhancer.scala:44)
	at com.typesafe.play.sbt.enhancer.PlayEnhancer$$anonfun$scopedSettings$4.apply(PlayEnhancer.scala:44)
	at scala.Function2$$anonfun$curried$1$$anonfun$apply$1.apply(Function2.scala:45)
	at scala.collection.TraversableLike$$anonfun$filter$1.apply(TraversableLike.scala:264)
	at scala.collection.mutable.ResizableArray$class.foreach(ResizableArray.scala:59)
	at scala.collection.mutable.ArrayBuffer.foreach(ArrayBuffer.scala:47)
	at scala.collection.TraversableLike$class.filter(TraversableLike.scala:263)
	at scala.collection.AbstractTraversable.filter(Traversable.scala:105)
	at com.typesafe.play.sbt.enhancer.PlayEnhancer$$anonfun$bytecodeEnhance$1$$anonfun$apply$2.apply(PlayEnhancer.scala:71)
	at com.typesafe.play.sbt.enhancer.PlayEnhancer$$anonfun$bytecodeEnhance$1$$anonfun$apply$2.apply(PlayEnhancer.scala:48)
	at com.typesafe.play.sbt.enhancer.PlayEnhancer$$anonfun$scopedSettings$2.apply(PlayEnhancer.scala:38)
	at com.typesafe.play.sbt.enhancer.PlayEnhancer$$anonfun$scopedSettings$2.apply(PlayEnhancer.scala:34)
	at scala.Function1$$anonfun$compose$1.apply(Function1.scala:47)
	at sbt.$tilde$greater$$anonfun$$u2219$1.apply(TypeFunctions.scala:40)
	at sbt.std.Transform$$anon$4.work(System.scala:63)
	at sbt.Execute$$anonfun$submit$1$$anonfun$apply$1.apply(Execute.scala:228)
	at sbt.Execute$$anonfun$submit$1$$anonfun$apply$1.apply(Execute.scala:228)
	at sbt.ErrorHandling$.wideConvert(ErrorHandling.scala:17)
	at sbt.Execute.work(Execute.scala:237)
	at sbt.Execute$$anonfun$submit$1.apply(Execute.scala:228)
	at sbt.Execute$$anonfun$submit$1.apply(Execute.scala:228)
	at sbt.ConcurrentRestrictions$$anon$4$$anonfun$1.apply(ConcurrentRestrictions.scala:159)
	at sbt.CompletionService$$anon$2.call(CompletionService.scala:28)
	at java.util.concurrent.FutureTask.run(FutureTask.java:266)
	at java.util.concurrent.Executors$RunnableAdapter.call(Executors.java:511)
	at java.util.concurrent.FutureTask.run(FutureTask.java:266)
	at java.util.concurrent.ThreadPoolExecutor.runWorker(ThreadPoolExecutor.java:1142)
	at java.util.concurrent.ThreadPoolExecutor$Worker.run(ThreadPoolExecutor.java:617)
	at java.lang.Thread.run(Thread.java:745)
2017-04-13 11:21:37,974 [INFO] from application in application-akka.actor.default-dispatcher-4 - Shutting down connection pool.
2017-04-13 11:21:38,068 [INFO] from application in application-akka.actor.default-dispatcher-4 - Creating Pool for datasource 'default'
2017-04-13 11:21:38,075 [INFO] from play.api.db.DefaultDBApi in application-akka.actor.default-dispatcher-4 - Database [default] connected at jdbc:mysql://localhost:3306/social_data?useSSL=false
2017-04-13 11:21:38,224 [INFO] from play.api.Play in application-akka.actor.default-dispatcher-4 - Application started (Dev)
2017-04-13 11:22:41,615 [INFO] from application in application-akka.actor.default-dispatcher-5 - Shutting down connection pool.
2017-04-13 11:22:41,739 [INFO] from application in application-akka.actor.default-dispatcher-5 - Creating Pool for datasource 'default'
2017-04-13 11:22:41,748 [INFO] from play.api.db.DefaultDBApi in application-akka.actor.default-dispatcher-5 - Database [default] connected at jdbc:mysql://localhost:3306/social_data?useSSL=false
2017-04-13 11:22:41,955 [INFO] from play.api.Play in application-akka.actor.default-dispatcher-5 - Application started (Dev)
2017-04-13 11:24:53,974 [INFO] from application in application-akka.actor.default-dispatcher-4 - Shutting down connection pool.
2017-04-13 11:24:54,086 [INFO] from application in application-akka.actor.default-dispatcher-4 - Creating Pool for datasource 'default'
2017-04-13 11:24:54,094 [INFO] from play.api.db.DefaultDBApi in application-akka.actor.default-dispatcher-4 - Database [default] connected at jdbc:mysql://localhost:3306/social_data?useSSL=false
2017-04-13 11:24:54,283 [INFO] from play.api.Play in application-akka.actor.default-dispatcher-4 - Application started (Dev)
2017-04-13 11:25:54,114 [ERROR] from application in netty-event-loop-13 - 

! @73k2m7ol9 - Internal server error, for (GET) [/profile] ->
 
play.sbt.PlayExceptions$UnexpectedException: Unexpected exception[EOFException: null]
	at play.sbt.run.PlayReload$$anonfun$taskFailureHandler$1.apply(PlayReload.scala:51)
	at play.sbt.run.PlayReload$$anonfun$taskFailureHandler$1.apply(PlayReload.scala:44)
	at scala.Option.map(Option.scala:145)
	at play.sbt.run.PlayReload$.taskFailureHandler(PlayReload.scala:44)
	at play.sbt.run.PlayReload$.compileFailure(PlayReload.scala:40)
	at play.sbt.run.PlayReload$$anonfun$compile$1.apply(PlayReload.scala:17)
	at play.sbt.run.PlayReload$$anonfun$compile$1.apply(PlayReload.scala:17)
	at scala.util.Either$LeftProjection.map(Either.scala:377)
	at play.sbt.run.PlayReload$.compile(PlayReload.scala:17)
	at play.sbt.run.PlayRun$$anonfun$playRunTask$1$$anonfun$apply$2$$anonfun$apply$3$$anonfun$2.apply(PlayRun.scala:61)
	at play.sbt.run.PlayRun$$anonfun$playRunTask$1$$anonfun$apply$2$$anonfun$apply$3$$anonfun$2.apply(PlayRun.scala:61)
	at play.runsupport.Reloader$$anonfun$reload$1.apply(Reloader.scala:339)
	at play.runsupport.Reloader$$anon$3.run(Reloader.scala:44)
	at java.security.AccessController.doPrivileged(Native Method)
	at play.runsupport.Reloader$.play$runsupport$Reloader$$withReloaderContextClassLoader(Reloader.scala:40)
	at play.runsupport.Reloader.reload(Reloader.scala:337)
	at play.core.server.DevServerStart$$anonfun$mainDev$1$$anon$1$$anonfun$get$1.apply(DevServerStart.scala:123)
	at play.core.server.DevServerStart$$anonfun$mainDev$1$$anon$1$$anonfun$get$1.apply(DevServerStart.scala:121)
	at scala.concurrent.impl.Future$PromiseCompletingRunnable.liftedTree1$1(Future.scala:24)
	at scala.concurrent.impl.Future$PromiseCompletingRunnable.run(Future.scala:24)
	at akka.dispatch.TaskInvocation.run(AbstractDispatcher.scala:39)
	at akka.dispatch.ForkJoinExecutorConfigurator$AkkaForkJoinTask.exec(AbstractDispatcher.scala:415)
	at scala.concurrent.forkjoin.ForkJoinTask.doExec(ForkJoinTask.java:260)
	at scala.concurrent.forkjoin.ForkJoinPool$WorkQueue.runTask(ForkJoinPool.java:1339)
	at scala.concurrent.forkjoin.ForkJoinPool.runWorker(ForkJoinPool.java:1979)
	at scala.concurrent.forkjoin.ForkJoinWorkerThread.run(ForkJoinWorkerThread.java:107)
Caused by: java.io.EOFException: null
	at java.io.DataInputStream.readInt(DataInputStream.java:392)
	at javassist.bytecode.ClassFile.read(ClassFile.java:777)
	at javassist.bytecode.ClassFile.<init>(ClassFile.java:124)
	at javassist.CtClassType.<init>(CtClassType.java:96)
	at javassist.ClassPool.makeClass(ClassPool.java:728)
	at javassist.ClassPool.makeClass(ClassPool.java:706)
	at play.core.enhancers.PropertiesEnhancer.rewriteAccess(PropertiesEnhancer.java:147)
	at com.typesafe.play.sbt.enhancer.PlayEnhancer$$anonfun$scopedSettings$4.apply(PlayEnhancer.scala:44)
	at com.typesafe.play.sbt.enhancer.PlayEnhancer$$anonfun$scopedSettings$4.apply(PlayEnhancer.scala:44)
	at scala.Function2$$anonfun$curried$1$$anonfun$apply$1.apply(Function2.scala:45)
	at scala.collection.TraversableLike$$anonfun$filter$1.apply(TraversableLike.scala:264)
	at scala.collection.mutable.ResizableArray$class.foreach(ResizableArray.scala:59)
	at scala.collection.mutable.ArrayBuffer.foreach(ArrayBuffer.scala:47)
	at scala.collection.TraversableLike$class.filter(TraversableLike.scala:263)
	at scala.collection.AbstractTraversable.filter(Traversable.scala:105)
	at com.typesafe.play.sbt.enhancer.PlayEnhancer$$anonfun$bytecodeEnhance$1$$anonfun$apply$2.apply(PlayEnhancer.scala:71)
	at com.typesafe.play.sbt.enhancer.PlayEnhancer$$anonfun$bytecodeEnhance$1$$anonfun$apply$2.apply(PlayEnhancer.scala:48)
	at com.typesafe.play.sbt.enhancer.PlayEnhancer$$anonfun$scopedSettings$2.apply(PlayEnhancer.scala:38)
	at com.typesafe.play.sbt.enhancer.PlayEnhancer$$anonfun$scopedSettings$2.apply(PlayEnhancer.scala:34)
	at scala.Function1$$anonfun$compose$1.apply(Function1.scala:47)
	at sbt.$tilde$greater$$anonfun$$u2219$1.apply(TypeFunctions.scala:40)
	at sbt.std.Transform$$anon$4.work(System.scala:63)
	at sbt.Execute$$anonfun$submit$1$$anonfun$apply$1.apply(Execute.scala:228)
	at sbt.Execute$$anonfun$submit$1$$anonfun$apply$1.apply(Execute.scala:228)
	at sbt.ErrorHandling$.wideConvert(ErrorHandling.scala:17)
	at sbt.Execute.work(Execute.scala:237)
	at sbt.Execute$$anonfun$submit$1.apply(Execute.scala:228)
	at sbt.Execute$$anonfun$submit$1.apply(Execute.scala:228)
	at sbt.ConcurrentRestrictions$$anon$4$$anonfun$1.apply(ConcurrentRestrictions.scala:159)
	at sbt.CompletionService$$anon$2.call(CompletionService.scala:28)
	at java.util.concurrent.FutureTask.run(FutureTask.java:266)
	at java.util.concurrent.Executors$RunnableAdapter.call(Executors.java:511)
	at java.util.concurrent.FutureTask.run(FutureTask.java:266)
	at java.util.concurrent.ThreadPoolExecutor.runWorker(ThreadPoolExecutor.java:1142)
	at java.util.concurrent.ThreadPoolExecutor$Worker.run(ThreadPoolExecutor.java:617)
	at java.lang.Thread.run(Thread.java:745)
2017-04-13 11:25:57,701 [INFO] from application in application-akka.actor.default-dispatcher-5 - Shutting down connection pool.
2017-04-13 11:25:57,792 [INFO] from application in application-akka.actor.default-dispatcher-5 - Creating Pool for datasource 'default'
2017-04-13 11:25:57,799 [INFO] from play.api.db.DefaultDBApi in application-akka.actor.default-dispatcher-5 - Database [default] connected at jdbc:mysql://localhost:3306/social_data?useSSL=false
2017-04-13 11:25:57,933 [INFO] from play.api.Play in application-akka.actor.default-dispatcher-5 - Application started (Dev)
2017-04-13 11:26:42,082 [INFO] from application in application-akka.actor.default-dispatcher-5 - Shutting down connection pool.
2017-04-13 11:26:42,201 [INFO] from application in application-akka.actor.default-dispatcher-5 - Creating Pool for datasource 'default'
2017-04-13 11:26:42,216 [INFO] from play.api.db.DefaultDBApi in application-akka.actor.default-dispatcher-5 - Database [default] connected at jdbc:mysql://localhost:3306/social_data?useSSL=false
2017-04-13 11:26:42,364 [INFO] from play.api.Play in application-akka.actor.default-dispatcher-5 - Application started (Dev)
2017-04-13 11:36:45,136 [INFO] from application in application-akka.actor.default-dispatcher-4 - Shutting down connection pool.
2017-04-13 11:36:45,260 [INFO] from application in application-akka.actor.default-dispatcher-4 - Creating Pool for datasource 'default'
2017-04-13 11:36:45,270 [INFO] from play.api.db.DefaultDBApi in application-akka.actor.default-dispatcher-4 - Database [default] connected at jdbc:mysql://localhost:3306/social_data?useSSL=false
2017-04-13 11:36:45,463 [INFO] from play.api.Play in application-akka.actor.default-dispatcher-4 - Application started (Dev)
2017-04-13 11:41:08,696 [INFO] from application in application-akka.actor.default-dispatcher-5 - Shutting down connection pool.
2017-04-13 11:41:08,813 [INFO] from application in application-akka.actor.default-dispatcher-5 - Creating Pool for datasource 'default'
2017-04-13 11:41:08,823 [INFO] from play.api.db.DefaultDBApi in application-akka.actor.default-dispatcher-5 - Database [default] connected at jdbc:mysql://localhost:3306/social_data?useSSL=false
2017-04-13 11:41:09,018 [INFO] from play.api.Play in application-akka.actor.default-dispatcher-5 - Application started (Dev)
2017-04-13 11:43:33,882 [INFO] from application in application-akka.actor.default-dispatcher-5 - Shutting down connection pool.
2017-04-13 11:43:33,982 [INFO] from application in application-akka.actor.default-dispatcher-5 - Creating Pool for datasource 'default'
2017-04-13 11:43:33,989 [INFO] from play.api.db.DefaultDBApi in application-akka.actor.default-dispatcher-5 - Database [default] connected at jdbc:mysql://localhost:3306/social_data?useSSL=false
2017-04-13 11:43:34,126 [INFO] from play.api.Play in application-akka.actor.default-dispatcher-5 - Application started (Dev)
2017-04-13 11:47:27,960 [INFO] from application in application-akka.actor.default-dispatcher-4 - Shutting down connection pool.
2017-04-13 11:47:28,101 [INFO] from application in application-akka.actor.default-dispatcher-4 - Creating Pool for datasource 'default'
2017-04-13 11:47:28,113 [INFO] from play.api.db.DefaultDBApi in application-akka.actor.default-dispatcher-4 - Database [default] connected at jdbc:mysql://localhost:3306/social_data?useSSL=false
2017-04-13 11:47:28,341 [INFO] from play.api.Play in application-akka.actor.default-dispatcher-4 - Application started (Dev)
2017-04-13 11:52:43,267 [INFO] from application in application-akka.actor.default-dispatcher-4 - Shutting down connection pool.
2017-04-13 11:52:43,378 [INFO] from application in application-akka.actor.default-dispatcher-4 - Creating Pool for datasource 'default'
2017-04-13 11:52:43,389 [INFO] from play.api.db.DefaultDBApi in application-akka.actor.default-dispatcher-4 - Database [default] connected at jdbc:mysql://localhost:3306/social_data?useSSL=false
2017-04-13 11:52:43,560 [INFO] from play.api.Play in application-akka.actor.default-dispatcher-4 - Application started (Dev)
2017-04-13 11:53:53,541 [INFO] from application in application-akka.actor.default-dispatcher-4 - Shutting down connection pool.
2017-04-13 11:53:53,700 [INFO] from application in application-akka.actor.default-dispatcher-4 - Creating Pool for datasource 'default'
2017-04-13 11:53:53,709 [INFO] from play.api.db.DefaultDBApi in application-akka.actor.default-dispatcher-4 - Database [default] connected at jdbc:mysql://localhost:3306/social_data?useSSL=false
2017-04-13 11:53:53,889 [INFO] from play.api.Play in application-akka.actor.default-dispatcher-4 - Application started (Dev)
2017-04-13 11:54:35,917 [INFO] from application in application-akka.actor.default-dispatcher-2 - Shutting down connection pool.
2017-04-13 11:54:36,054 [INFO] from application in application-akka.actor.default-dispatcher-2 - Creating Pool for datasource 'default'
2017-04-13 11:54:36,065 [INFO] from play.api.db.DefaultDBApi in application-akka.actor.default-dispatcher-2 - Database [default] connected at jdbc:mysql://localhost:3306/social_data?useSSL=false
2017-04-13 11:54:36,280 [INFO] from play.api.Play in application-akka.actor.default-dispatcher-2 - Application started (Dev)
2017-04-13 11:55:57,954 [INFO] from application in application-akka.actor.default-dispatcher-4 - Shutting down connection pool.
2017-04-13 11:55:58,071 [INFO] from application in application-akka.actor.default-dispatcher-4 - Creating Pool for datasource 'default'
2017-04-13 11:55:58,080 [INFO] from play.api.db.DefaultDBApi in application-akka.actor.default-dispatcher-4 - Database [default] connected at jdbc:mysql://localhost:3306/social_data?useSSL=false
2017-04-13 11:55:58,298 [INFO] from play.api.Play in application-akka.actor.default-dispatcher-4 - Application started (Dev)
2017-04-13 11:56:32,517 [INFO] from application in application-akka.actor.default-dispatcher-2 - Shutting down connection pool.
2017-04-13 11:56:32,686 [INFO] from application in application-akka.actor.default-dispatcher-2 - Creating Pool for datasource 'default'
2017-04-13 11:56:32,701 [INFO] from play.api.db.DefaultDBApi in application-akka.actor.default-dispatcher-2 - Database [default] connected at jdbc:mysql://localhost:3306/social_data?useSSL=false
2017-04-13 11:56:32,991 [INFO] from play.api.Play in application-akka.actor.default-dispatcher-2 - Application started (Dev)
2017-04-13 11:57:03,547 [INFO] from application in application-akka.actor.default-dispatcher-7 - Shutting down connection pool.
2017-04-13 11:57:03,667 [INFO] from application in application-akka.actor.default-dispatcher-7 - Creating Pool for datasource 'default'
2017-04-13 11:57:03,678 [INFO] from play.api.db.DefaultDBApi in application-akka.actor.default-dispatcher-7 - Database [default] connected at jdbc:mysql://localhost:3306/social_data?useSSL=false
2017-04-13 11:57:03,895 [INFO] from play.api.Play in application-akka.actor.default-dispatcher-7 - Application started (Dev)
2017-04-13 11:57:32,905 [INFO] from application in application-akka.actor.default-dispatcher-6 - Shutting down connection pool.
2017-04-13 11:57:33,010 [INFO] from application in application-akka.actor.default-dispatcher-6 - Creating Pool for datasource 'default'
2017-04-13 11:57:33,020 [INFO] from play.api.db.DefaultDBApi in application-akka.actor.default-dispatcher-6 - Database [default] connected at jdbc:mysql://localhost:3306/social_data?useSSL=false
2017-04-13 11:57:33,198 [INFO] from play.api.Play in application-akka.actor.default-dispatcher-6 - Application started (Dev)
2017-04-13 11:58:20,123 [INFO] from application in application-akka.actor.default-dispatcher-4 - Shutting down connection pool.
2017-04-13 11:58:20,312 [INFO] from application in application-akka.actor.default-dispatcher-4 - Creating Pool for datasource 'default'
2017-04-13 11:58:20,325 [INFO] from play.api.db.DefaultDBApi in application-akka.actor.default-dispatcher-4 - Database [default] connected at jdbc:mysql://localhost:3306/social_data?useSSL=false
2017-04-13 11:58:20,550 [INFO] from play.api.Play in application-akka.actor.default-dispatcher-4 - Application started (Dev)
2017-04-13 12:00:18,750 [INFO] from application in application-akka.actor.default-dispatcher-2 - Shutting down connection pool.
2017-04-13 12:00:18,868 [INFO] from application in application-akka.actor.default-dispatcher-2 - Creating Pool for datasource 'default'
2017-04-13 12:00:18,878 [INFO] from play.api.db.DefaultDBApi in application-akka.actor.default-dispatcher-2 - Database [default] connected at jdbc:mysql://localhost:3306/social_data?useSSL=false
2017-04-13 12:00:19,069 [INFO] from play.api.Play in application-akka.actor.default-dispatcher-2 - Application started (Dev)
2017-04-13 12:02:05,827 [INFO] from application in application-akka.actor.default-dispatcher-2 - Shutting down connection pool.
2017-04-13 12:02:05,989 [INFO] from application in application-akka.actor.default-dispatcher-2 - Creating Pool for datasource 'default'
2017-04-13 12:02:05,999 [INFO] from play.api.db.DefaultDBApi in application-akka.actor.default-dispatcher-2 - Database [default] connected at jdbc:mysql://localhost:3306/social_data?useSSL=false
2017-04-13 12:02:06,225 [INFO] from play.api.Play in application-akka.actor.default-dispatcher-2 - Application started (Dev)
2017-04-13 12:03:19,970 [INFO] from application in application-akka.actor.default-dispatcher-6 - Shutting down connection pool.
2017-04-13 12:03:20,062 [INFO] from application in application-akka.actor.default-dispatcher-6 - Creating Pool for datasource 'default'
2017-04-13 12:03:20,062 [INFO] from play.api.db.DefaultDBApi in application-akka.actor.default-dispatcher-6 - Database [default] connected at jdbc:mysql://localhost:3306/social_data?useSSL=false
2017-04-13 12:03:20,207 [INFO] from play.api.Play in application-akka.actor.default-dispatcher-6 - Application started (Dev)
2017-04-13 12:04:27,146 [INFO] from application in application-akka.actor.default-dispatcher-8 - Shutting down connection pool.
2017-04-13 12:04:27,258 [INFO] from application in application-akka.actor.default-dispatcher-8 - Creating Pool for datasource 'default'
2017-04-13 12:04:27,267 [INFO] from play.api.db.DefaultDBApi in application-akka.actor.default-dispatcher-8 - Database [default] connected at jdbc:mysql://localhost:3306/social_data?useSSL=false
2017-04-13 12:04:27,471 [INFO] from play.api.Play in application-akka.actor.default-dispatcher-8 - Application started (Dev)
2017-04-13 12:06:43,990 [INFO] from application in application-akka.actor.default-dispatcher-4 - Shutting down connection pool.
2017-04-13 12:06:44,195 [INFO] from application in application-akka.actor.default-dispatcher-4 - Creating Pool for datasource 'default'
2017-04-13 12:06:44,207 [INFO] from play.api.db.DefaultDBApi in application-akka.actor.default-dispatcher-4 - Database [default] connected at jdbc:mysql://localhost:3306/social_data?useSSL=false
2017-04-13 12:06:44,419 [INFO] from play.api.Play in application-akka.actor.default-dispatcher-4 - Application started (Dev)
2017-04-13 12:09:18,634 [INFO] from application in application-akka.actor.default-dispatcher-5 - Shutting down connection pool.
2017-04-13 12:09:18,819 [INFO] from application in application-akka.actor.default-dispatcher-5 - Creating Pool for datasource 'default'
2017-04-13 12:09:18,830 [INFO] from play.api.db.DefaultDBApi in application-akka.actor.default-dispatcher-5 - Database [default] connected at jdbc:mysql://localhost:3306/social_data?useSSL=false
2017-04-13 12:09:19,073 [INFO] from play.api.Play in application-akka.actor.default-dispatcher-5 - Application started (Dev)
2017-04-13 12:21:43,700 [ERROR] from application in netty-event-loop-10 - 

! @73k33gdlf - Internal server error, for (GET) [/profile] ->
 
play.sbt.PlayExceptions$CompilationException: Compilation error[Cannot write an instance of com.google.gson.JsonObject to HTTP response. Try to define a Writeable[com.google.gson.JsonObject]]
	at play.sbt.PlayExceptions$CompilationException$.apply(PlayExceptions.scala:27)
	at play.sbt.PlayExceptions$CompilationException$.apply(PlayExceptions.scala:27)
	at scala.Option.map(Option.scala:145)
	at play.sbt.run.PlayReload$$anonfun$taskFailureHandler$1.apply(PlayReload.scala:49)
	at play.sbt.run.PlayReload$$anonfun$taskFailureHandler$1.apply(PlayReload.scala:44)
	at scala.Option.map(Option.scala:145)
	at play.sbt.run.PlayReload$.taskFailureHandler(PlayReload.scala:44)
	at play.sbt.run.PlayReload$.compileFailure(PlayReload.scala:40)
	at play.sbt.run.PlayReload$$anonfun$compile$1.apply(PlayReload.scala:17)
	at play.sbt.run.PlayReload$$anonfun$compile$1.apply(PlayReload.scala:17)
	at scala.util.Either$LeftProjection.map(Either.scala:377)
	at play.sbt.run.PlayReload$.compile(PlayReload.scala:17)
	at play.sbt.run.PlayRun$$anonfun$playRunTask$1$$anonfun$apply$2$$anonfun$apply$3$$anonfun$2.apply(PlayRun.scala:61)
	at play.sbt.run.PlayRun$$anonfun$playRunTask$1$$anonfun$apply$2$$anonfun$apply$3$$anonfun$2.apply(PlayRun.scala:61)
	at play.runsupport.Reloader$$anonfun$reload$1.apply(Reloader.scala:339)
	at play.runsupport.Reloader$$anon$3.run(Reloader.scala:44)
	at java.security.AccessController.doPrivileged(Native Method)
	at play.runsupport.Reloader$.play$runsupport$Reloader$$withReloaderContextClassLoader(Reloader.scala:40)
	at play.runsupport.Reloader.reload(Reloader.scala:337)
	at play.core.server.DevServerStart$$anonfun$mainDev$1$$anon$1$$anonfun$get$1.apply(DevServerStart.scala:123)
	at play.core.server.DevServerStart$$anonfun$mainDev$1$$anon$1$$anonfun$get$1.apply(DevServerStart.scala:121)
	at scala.concurrent.impl.Future$PromiseCompletingRunnable.liftedTree1$1(Future.scala:24)
	at scala.concurrent.impl.Future$PromiseCompletingRunnable.run(Future.scala:24)
	at akka.dispatch.TaskInvocation.run(AbstractDispatcher.scala:39)
	at akka.dispatch.ForkJoinExecutorConfigurator$AkkaForkJoinTask.exec(AbstractDispatcher.scala:415)
	at scala.concurrent.forkjoin.ForkJoinTask.doExec(ForkJoinTask.java:260)
	at scala.concurrent.forkjoin.ForkJoinPool$WorkQueue.runTask(ForkJoinPool.java:1339)
	at scala.concurrent.forkjoin.ForkJoinPool.runWorker(ForkJoinPool.java:1979)
	at scala.concurrent.forkjoin.ForkJoinWorkerThread.run(ForkJoinWorkerThread.java:107)
2017-04-13 12:21:55,286 [INFO] from application in application-akka.actor.default-dispatcher-4 - Shutting down connection pool.
2017-04-13 12:21:55,416 [INFO] from application in application-akka.actor.default-dispatcher-4 - Creating Pool for datasource 'default'
2017-04-13 12:21:55,432 [INFO] from play.api.db.DefaultDBApi in application-akka.actor.default-dispatcher-4 - Database [default] connected at jdbc:mysql://localhost:3306/social_data?useSSL=false
2017-04-13 12:21:55,685 [INFO] from play.api.Play in application-akka.actor.default-dispatcher-4 - Application started (Dev)
2017-04-13 12:23:32,676 [ERROR] from application in netty-event-loop-13 - 

! @73k33mj0p - Internal server error, for (GET) [/profile] ->
 
play.sbt.PlayExceptions$CompilationException: Compilation error[method post has return statement; needs result type]
	at play.sbt.PlayExceptions$CompilationException$.apply(PlayExceptions.scala:27)
	at play.sbt.PlayExceptions$CompilationException$.apply(PlayExceptions.scala:27)
	at scala.Option.map(Option.scala:145)
	at play.sbt.run.PlayReload$$anonfun$taskFailureHandler$1.apply(PlayReload.scala:49)
	at play.sbt.run.PlayReload$$anonfun$taskFailureHandler$1.apply(PlayReload.scala:44)
	at scala.Option.map(Option.scala:145)
	at play.sbt.run.PlayReload$.taskFailureHandler(PlayReload.scala:44)
	at play.sbt.run.PlayReload$.compileFailure(PlayReload.scala:40)
	at play.sbt.run.PlayReload$$anonfun$compile$1.apply(PlayReload.scala:17)
	at play.sbt.run.PlayReload$$anonfun$compile$1.apply(PlayReload.scala:17)
	at scala.util.Either$LeftProjection.map(Either.scala:377)
	at play.sbt.run.PlayReload$.compile(PlayReload.scala:17)
	at play.sbt.run.PlayRun$$anonfun$playRunTask$1$$anonfun$apply$2$$anonfun$apply$3$$anonfun$2.apply(PlayRun.scala:61)
	at play.sbt.run.PlayRun$$anonfun$playRunTask$1$$anonfun$apply$2$$anonfun$apply$3$$anonfun$2.apply(PlayRun.scala:61)
	at play.runsupport.Reloader$$anonfun$reload$1.apply(Reloader.scala:339)
	at play.runsupport.Reloader$$anon$3.run(Reloader.scala:44)
	at java.security.AccessController.doPrivileged(Native Method)
	at play.runsupport.Reloader$.play$runsupport$Reloader$$withReloaderContextClassLoader(Reloader.scala:40)
	at play.runsupport.Reloader.reload(Reloader.scala:337)
	at play.core.server.DevServerStart$$anonfun$mainDev$1$$anon$1$$anonfun$get$1.apply(DevServerStart.scala:123)
	at play.core.server.DevServerStart$$anonfun$mainDev$1$$anon$1$$anonfun$get$1.apply(DevServerStart.scala:121)
	at scala.concurrent.impl.Future$PromiseCompletingRunnable.liftedTree1$1(Future.scala:24)
	at scala.concurrent.impl.Future$PromiseCompletingRunnable.run(Future.scala:24)
	at akka.dispatch.TaskInvocation.run(AbstractDispatcher.scala:39)
	at akka.dispatch.ForkJoinExecutorConfigurator$AkkaForkJoinTask.exec(AbstractDispatcher.scala:415)
	at scala.concurrent.forkjoin.ForkJoinTask.doExec(ForkJoinTask.java:260)
	at scala.concurrent.forkjoin.ForkJoinPool$WorkQueue.runTask(ForkJoinPool.java:1339)
	at scala.concurrent.forkjoin.ForkJoinPool.runWorker(ForkJoinPool.java:1979)
	at scala.concurrent.forkjoin.ForkJoinWorkerThread.run(ForkJoinWorkerThread.java:107)
2017-04-13 12:24:20,557 [INFO] from application in application-akka.actor.default-dispatcher-6 - Shutting down connection pool.
2017-04-13 12:24:20,640 [INFO] from application in application-akka.actor.default-dispatcher-6 - Creating Pool for datasource 'default'
2017-04-13 12:24:20,656 [INFO] from play.api.db.DefaultDBApi in application-akka.actor.default-dispatcher-6 - Database [default] connected at jdbc:mysql://localhost:3306/social_data?useSSL=false
2017-04-13 12:24:20,810 [INFO] from play.api.Play in application-akka.actor.default-dispatcher-6 - Application started (Dev)
2017-04-13 12:26:01,995 [INFO] from application in application-akka.actor.default-dispatcher-4 - Shutting down connection pool.
2017-04-13 12:26:02,089 [INFO] from application in application-akka.actor.default-dispatcher-4 - Creating Pool for datasource 'default'
2017-04-13 12:26:02,105 [INFO] from play.api.db.DefaultDBApi in application-akka.actor.default-dispatcher-4 - Database [default] connected at jdbc:mysql://localhost:3306/social_data?useSSL=false
2017-04-13 12:26:02,288 [INFO] from play.api.Play in application-akka.actor.default-dispatcher-4 - Application started (Dev)
2017-04-13 13:03:44,627 [INFO] from application in application-akka.actor.default-dispatcher-6 - Shutting down connection pool.
2017-04-13 13:03:44,742 [INFO] from application in application-akka.actor.default-dispatcher-6 - Creating Pool for datasource 'default'
2017-04-13 13:03:44,742 [INFO] from play.api.db.DefaultDBApi in application-akka.actor.default-dispatcher-6 - Database [default] connected at jdbc:mysql://localhost:3306/social_data?useSSL=false
2017-04-13 13:03:44,927 [INFO] from play.api.Play in application-akka.actor.default-dispatcher-6 - Application started (Dev)
2017-04-13 13:04:09,186 [INFO] from application in application-akka.actor.default-dispatcher-2 - Shutting down connection pool.
2017-04-13 13:04:09,271 [INFO] from application in application-akka.actor.default-dispatcher-2 - Creating Pool for datasource 'default'
2017-04-13 13:04:09,271 [INFO] from play.api.db.DefaultDBApi in application-akka.actor.default-dispatcher-2 - Database [default] connected at jdbc:mysql://localhost:3306/social_data?useSSL=false
2017-04-13 13:04:09,439 [INFO] from play.api.Play in application-akka.actor.default-dispatcher-2 - Application started (Dev)
2017-04-13 13:05:16,107 [INFO] from application in application-akka.actor.default-dispatcher-5 - Shutting down connection pool.
2017-04-13 13:05:16,184 [INFO] from application in application-akka.actor.default-dispatcher-5 - Creating Pool for datasource 'default'
2017-04-13 13:05:16,184 [INFO] from play.api.db.DefaultDBApi in application-akka.actor.default-dispatcher-5 - Database [default] connected at jdbc:mysql://localhost:3306/social_data?useSSL=false
2017-04-13 13:05:16,356 [INFO] from play.api.Play in application-akka.actor.default-dispatcher-5 - Application started (Dev)
2017-04-13 13:07:02,868 [INFO] from application in application-akka.actor.default-dispatcher-6 - Shutting down connection pool.
2017-04-13 13:07:02,986 [INFO] from application in application-akka.actor.default-dispatcher-6 - Creating Pool for datasource 'default'
2017-04-13 13:07:03,002 [INFO] from play.api.db.DefaultDBApi in application-akka.actor.default-dispatcher-6 - Database [default] connected at jdbc:mysql://localhost:3306/social_data?useSSL=false
2017-04-13 13:07:03,233 [INFO] from play.api.Play in application-akka.actor.default-dispatcher-6 - Application started (Dev)
2017-04-13 13:18:23,236 [INFO] from application in application-akka.actor.default-dispatcher-4 - Shutting down connection pool.
2017-04-13 13:18:23,359 [INFO] from application in application-akka.actor.default-dispatcher-4 - Creating Pool for datasource 'default'
2017-04-13 13:18:23,369 [INFO] from play.api.db.DefaultDBApi in application-akka.actor.default-dispatcher-4 - Database [default] connected at jdbc:mysql://localhost:3306/social_data?useSSL=false
2017-04-13 13:18:23,553 [INFO] from play.api.Play in application-akka.actor.default-dispatcher-4 - Application started (Dev)
2017-04-13 13:21:20,634 [INFO] from application in application-akka.actor.default-dispatcher-2 - Shutting down connection pool.
2017-04-13 13:21:20,766 [INFO] from application in application-akka.actor.default-dispatcher-2 - Creating Pool for datasource 'default'
2017-04-13 13:21:20,776 [INFO] from play.api.db.DefaultDBApi in application-akka.actor.default-dispatcher-2 - Database [default] connected at jdbc:mysql://localhost:3306/social_data?useSSL=false
2017-04-13 13:21:21,003 [INFO] from play.api.Play in application-akka.actor.default-dispatcher-2 - Application started (Dev)
2017-04-13 13:24:24,997 [INFO] from application in application-akka.actor.default-dispatcher-5 - Shutting down connection pool.
2017-04-13 13:24:25,141 [INFO] from application in application-akka.actor.default-dispatcher-5 - Creating Pool for datasource 'default'
2017-04-13 13:24:25,153 [INFO] from play.api.db.DefaultDBApi in application-akka.actor.default-dispatcher-5 - Database [default] connected at jdbc:mysql://localhost:3306/social_data?useSSL=false
2017-04-13 13:24:25,383 [INFO] from play.api.Play in application-akka.actor.default-dispatcher-5 - Application started (Dev)
2017-04-13 13:25:56,970 [INFO] from application in application-akka.actor.default-dispatcher-5 - Shutting down connection pool.
2017-04-13 13:25:57,053 [INFO] from application in application-akka.actor.default-dispatcher-5 - Creating Pool for datasource 'default'
2017-04-13 13:25:57,061 [INFO] from play.api.db.DefaultDBApi in application-akka.actor.default-dispatcher-5 - Database [default] connected at jdbc:mysql://localhost:3306/social_data?useSSL=false
2017-04-13 13:25:57,206 [INFO] from play.api.Play in application-akka.actor.default-dispatcher-5 - Application started (Dev)
2017-04-13 13:51:09,452 [INFO] from application in application-akka.actor.default-dispatcher-5 - Shutting down connection pool.
2017-04-13 13:51:09,584 [INFO] from application in application-akka.actor.default-dispatcher-5 - Creating Pool for datasource 'default'
2017-04-13 13:51:09,594 [INFO] from play.api.db.DefaultDBApi in application-akka.actor.default-dispatcher-5 - Database [default] connected at jdbc:mysql://localhost:3306/social_data?useSSL=false
2017-04-13 13:51:09,755 [INFO] from play.api.Play in application-akka.actor.default-dispatcher-5 - Application started (Dev)
2017-04-13 13:52:01,197 [INFO] from application in application-akka.actor.default-dispatcher-3 - Shutting down connection pool.
2017-04-13 13:52:01,369 [INFO] from application in application-akka.actor.default-dispatcher-3 - Creating Pool for datasource 'default'
2017-04-13 13:52:01,379 [INFO] from play.api.db.DefaultDBApi in application-akka.actor.default-dispatcher-3 - Database [default] connected at jdbc:mysql://localhost:3306/social_data?useSSL=false
2017-04-13 13:52:01,554 [INFO] from play.api.Play in application-akka.actor.default-dispatcher-3 - Application started (Dev)
2017-04-13 13:52:24,545 [ERROR] from application in netty-event-loop-8 - 

! @73k3fe2al - Internal server error, for (GET) [/profile] ->
 
play.sbt.PlayExceptions$UnexpectedException: Unexpected exception[FileNotFoundException: C:\Users\alex\Coding\CSC435\SocialAppRepo\PlayGSA\target\scala-2.11\classes\views\html\profile.class (The system cannot find the file specified)]
	at play.sbt.run.PlayReload$$anonfun$taskFailureHandler$1.apply(PlayReload.scala:51)
	at play.sbt.run.PlayReload$$anonfun$taskFailureHandler$1.apply(PlayReload.scala:44)
	at scala.Option.map(Option.scala:145)
	at play.sbt.run.PlayReload$.taskFailureHandler(PlayReload.scala:44)
	at play.sbt.run.PlayReload$.compileFailure(PlayReload.scala:40)
	at play.sbt.run.PlayReload$$anonfun$compile$1.apply(PlayReload.scala:17)
	at play.sbt.run.PlayReload$$anonfun$compile$1.apply(PlayReload.scala:17)
	at scala.util.Either$LeftProjection.map(Either.scala:377)
	at play.sbt.run.PlayReload$.compile(PlayReload.scala:17)
	at play.sbt.run.PlayRun$$anonfun$playRunTask$1$$anonfun$apply$2$$anonfun$apply$3$$anonfun$2.apply(PlayRun.scala:61)
	at play.sbt.run.PlayRun$$anonfun$playRunTask$1$$anonfun$apply$2$$anonfun$apply$3$$anonfun$2.apply(PlayRun.scala:61)
	at play.runsupport.Reloader$$anonfun$reload$1.apply(Reloader.scala:339)
	at play.runsupport.Reloader$$anon$3.run(Reloader.scala:44)
	at java.security.AccessController.doPrivileged(Native Method)
	at play.runsupport.Reloader$.play$runsupport$Reloader$$withReloaderContextClassLoader(Reloader.scala:40)
	at play.runsupport.Reloader.reload(Reloader.scala:337)
	at play.core.server.DevServerStart$$anonfun$mainDev$1$$anon$1$$anonfun$get$1.apply(DevServerStart.scala:123)
	at play.core.server.DevServerStart$$anonfun$mainDev$1$$anon$1$$anonfun$get$1.apply(DevServerStart.scala:121)
	at scala.concurrent.impl.Future$PromiseCompletingRunnable.liftedTree1$1(Future.scala:24)
	at scala.concurrent.impl.Future$PromiseCompletingRunnable.run(Future.scala:24)
	at akka.dispatch.TaskInvocation.run(AbstractDispatcher.scala:39)
	at akka.dispatch.ForkJoinExecutorConfigurator$AkkaForkJoinTask.exec(AbstractDispatcher.scala:415)
	at scala.concurrent.forkjoin.ForkJoinTask.doExec(ForkJoinTask.java:260)
	at scala.concurrent.forkjoin.ForkJoinPool$WorkQueue.runTask(ForkJoinPool.java:1339)
	at scala.concurrent.forkjoin.ForkJoinPool.runWorker(ForkJoinPool.java:1979)
	at scala.concurrent.forkjoin.ForkJoinWorkerThread.run(ForkJoinWorkerThread.java:107)
Caused by: java.io.FileNotFoundException: C:\Users\alex\Coding\CSC435\SocialAppRepo\PlayGSA\target\scala-2.11\classes\views\html\profile.class (The system cannot find the file specified)
	at java.io.FileInputStream.open0(Native Method)
	at java.io.FileInputStream.open(FileInputStream.java:195)
	at java.io.FileInputStream.<init>(FileInputStream.java:138)
	at play.core.enhancers.PropertiesEnhancer.rewriteAccess(PropertiesEnhancer.java:145)
	at com.typesafe.play.sbt.enhancer.PlayEnhancer$$anonfun$scopedSettings$4.apply(PlayEnhancer.scala:44)
	at com.typesafe.play.sbt.enhancer.PlayEnhancer$$anonfun$scopedSettings$4.apply(PlayEnhancer.scala:44)
	at scala.Function2$$anonfun$curried$1$$anonfun$apply$1.apply(Function2.scala:45)
	at scala.collection.TraversableLike$$anonfun$filter$1.apply(TraversableLike.scala:264)
	at scala.collection.mutable.ResizableArray$class.foreach(ResizableArray.scala:59)
	at scala.collection.mutable.ArrayBuffer.foreach(ArrayBuffer.scala:47)
	at scala.collection.TraversableLike$class.filter(TraversableLike.scala:263)
	at scala.collection.AbstractTraversable.filter(Traversable.scala:105)
	at com.typesafe.play.sbt.enhancer.PlayEnhancer$$anonfun$bytecodeEnhance$1$$anonfun$apply$2.apply(PlayEnhancer.scala:71)
	at com.typesafe.play.sbt.enhancer.PlayEnhancer$$anonfun$bytecodeEnhance$1$$anonfun$apply$2.apply(PlayEnhancer.scala:48)
	at com.typesafe.play.sbt.enhancer.PlayEnhancer$$anonfun$scopedSettings$2.apply(PlayEnhancer.scala:38)
	at com.typesafe.play.sbt.enhancer.PlayEnhancer$$anonfun$scopedSettings$2.apply(PlayEnhancer.scala:34)
	at scala.Function1$$anonfun$compose$1.apply(Function1.scala:47)
	at sbt.$tilde$greater$$anonfun$$u2219$1.apply(TypeFunctions.scala:40)
	at sbt.std.Transform$$anon$4.work(System.scala:63)
	at sbt.Execute$$anonfun$submit$1$$anonfun$apply$1.apply(Execute.scala:228)
	at sbt.Execute$$anonfun$submit$1$$anonfun$apply$1.apply(Execute.scala:228)
	at sbt.ErrorHandling$.wideConvert(ErrorHandling.scala:17)
	at sbt.Execute.work(Execute.scala:237)
	at sbt.Execute$$anonfun$submit$1.apply(Execute.scala:228)
	at sbt.Execute$$anonfun$submit$1.apply(Execute.scala:228)
	at sbt.ConcurrentRestrictions$$anon$4$$anonfun$1.apply(ConcurrentRestrictions.scala:159)
	at sbt.CompletionService$$anon$2.call(CompletionService.scala:28)
	at java.util.concurrent.FutureTask.run(FutureTask.java:266)
	at java.util.concurrent.Executors$RunnableAdapter.call(Executors.java:511)
	at java.util.concurrent.FutureTask.run(FutureTask.java:266)
	at java.util.concurrent.ThreadPoolExecutor.runWorker(ThreadPoolExecutor.java:1142)
	at java.util.concurrent.ThreadPoolExecutor$Worker.run(ThreadPoolExecutor.java:617)
	at java.lang.Thread.run(Thread.java:745)
2017-04-13 13:52:27,789 [INFO] from application in application-akka.actor.default-dispatcher-3 - Shutting down connection pool.
2017-04-13 13:52:27,884 [INFO] from application in application-akka.actor.default-dispatcher-3 - Creating Pool for datasource 'default'
2017-04-13 13:52:27,892 [INFO] from play.api.db.DefaultDBApi in application-akka.actor.default-dispatcher-3 - Database [default] connected at jdbc:mysql://localhost:3306/social_data?useSSL=false
2017-04-13 13:52:28,059 [INFO] from play.api.Play in application-akka.actor.default-dispatcher-3 - Application started (Dev)
2017-04-13 13:52:56,115 [INFO] from application in application-akka.actor.default-dispatcher-6 - Shutting down connection pool.
2017-04-13 13:52:56,236 [INFO] from application in application-akka.actor.default-dispatcher-6 - Creating Pool for datasource 'default'
2017-04-13 13:52:56,245 [INFO] from play.api.db.DefaultDBApi in application-akka.actor.default-dispatcher-6 - Database [default] connected at jdbc:mysql://localhost:3306/social_data?useSSL=false
2017-04-13 13:52:56,446 [INFO] from play.api.Play in application-akka.actor.default-dispatcher-6 - Application started (Dev)
2017-04-13 13:53:23,298 [INFO] from application in application-akka.actor.default-dispatcher-3 - Shutting down connection pool.
2017-04-13 13:53:23,421 [INFO] from application in application-akka.actor.default-dispatcher-3 - Creating Pool for datasource 'default'
2017-04-13 13:53:23,431 [INFO] from play.api.db.DefaultDBApi in application-akka.actor.default-dispatcher-3 - Database [default] connected at jdbc:mysql://localhost:3306/social_data?useSSL=false
2017-04-13 13:53:23,660 [INFO] from play.api.Play in application-akka.actor.default-dispatcher-3 - Application started (Dev)
2017-04-13 13:55:24,252 [INFO] from application in application-akka.actor.default-dispatcher-4 - Shutting down connection pool.
2017-04-13 13:55:24,377 [INFO] from application in application-akka.actor.default-dispatcher-4 - Creating Pool for datasource 'default'
2017-04-13 13:55:24,392 [INFO] from play.api.db.DefaultDBApi in application-akka.actor.default-dispatcher-4 - Database [default] connected at jdbc:mysql://localhost:3306/social_data?useSSL=false
2017-04-13 13:55:24,552 [INFO] from play.api.Play in application-akka.actor.default-dispatcher-4 - Application started (Dev)
2017-04-13 13:56:05,921 [INFO] from application in application-akka.actor.default-dispatcher-5 - Shutting down connection pool.
2017-04-13 13:56:06,034 [INFO] from application in application-akka.actor.default-dispatcher-5 - Creating Pool for datasource 'default'
2017-04-13 13:56:06,050 [INFO] from play.api.db.DefaultDBApi in application-akka.actor.default-dispatcher-5 - Database [default] connected at jdbc:mysql://localhost:3306/social_data?useSSL=false
2017-04-13 13:56:06,219 [INFO] from play.api.Play in application-akka.actor.default-dispatcher-5 - Application started (Dev)
2017-04-13 13:56:30,806 [INFO] from application in application-akka.actor.default-dispatcher-2 - Shutting down connection pool.
2017-04-13 13:56:30,888 [INFO] from application in application-akka.actor.default-dispatcher-2 - Creating Pool for datasource 'default'
2017-04-13 13:56:30,908 [INFO] from play.api.db.DefaultDBApi in application-akka.actor.default-dispatcher-2 - Database [default] connected at jdbc:mysql://localhost:3306/social_data?useSSL=false
2017-04-13 13:56:31,042 [INFO] from play.api.Play in application-akka.actor.default-dispatcher-2 - Application started (Dev)
2017-04-13 13:56:58,640 [ERROR] from application in netty-event-loop-10 - 

! @73k3g3hmp - Internal server error, for (GET) [/profile] ->
 
play.sbt.PlayExceptions$UnexpectedException: Unexpected exception[FileNotFoundException: C:\Users\alex\Coding\CSC435\SocialAppRepo\PlayGSA\app\views\profile.scala.html (The system cannot find the file specified)]
	at play.sbt.run.PlayReload$$anonfun$taskFailureHandler$1.apply(PlayReload.scala:51)
	at play.sbt.run.PlayReload$$anonfun$taskFailureHandler$1.apply(PlayReload.scala:44)
	at scala.Option.map(Option.scala:145)
	at play.sbt.run.PlayReload$.taskFailureHandler(PlayReload.scala:44)
	at play.sbt.run.PlayReload$.compileFailure(PlayReload.scala:40)
	at play.sbt.run.PlayReload$$anonfun$compile$1.apply(PlayReload.scala:17)
	at play.sbt.run.PlayReload$$anonfun$compile$1.apply(PlayReload.scala:17)
	at scala.util.Either$LeftProjection.map(Either.scala:377)
	at play.sbt.run.PlayReload$.compile(PlayReload.scala:17)
	at play.sbt.run.PlayRun$$anonfun$playRunTask$1$$anonfun$apply$2$$anonfun$apply$3$$anonfun$2.apply(PlayRun.scala:61)
	at play.sbt.run.PlayRun$$anonfun$playRunTask$1$$anonfun$apply$2$$anonfun$apply$3$$anonfun$2.apply(PlayRun.scala:61)
	at play.runsupport.Reloader$$anonfun$reload$1.apply(Reloader.scala:339)
	at play.runsupport.Reloader$$anon$3.run(Reloader.scala:44)
	at java.security.AccessController.doPrivileged(Native Method)
	at play.runsupport.Reloader$.play$runsupport$Reloader$$withReloaderContextClassLoader(Reloader.scala:40)
	at play.runsupport.Reloader.reload(Reloader.scala:337)
	at play.core.server.DevServerStart$$anonfun$mainDev$1$$anon$1$$anonfun$get$1.apply(DevServerStart.scala:123)
	at play.core.server.DevServerStart$$anonfun$mainDev$1$$anon$1$$anonfun$get$1.apply(DevServerStart.scala:121)
	at scala.concurrent.impl.Future$PromiseCompletingRunnable.liftedTree1$1(Future.scala:24)
	at scala.concurrent.impl.Future$PromiseCompletingRunnable.run(Future.scala:24)
	at akka.dispatch.TaskInvocation.run(AbstractDispatcher.scala:39)
	at akka.dispatch.ForkJoinExecutorConfigurator$AkkaForkJoinTask.exec(AbstractDispatcher.scala:415)
	at scala.concurrent.forkjoin.ForkJoinTask.doExec(ForkJoinTask.java:260)
	at scala.concurrent.forkjoin.ForkJoinPool$WorkQueue.runTask(ForkJoinPool.java:1339)
	at scala.concurrent.forkjoin.ForkJoinPool.runWorker(ForkJoinPool.java:1979)
	at scala.concurrent.forkjoin.ForkJoinWorkerThread.run(ForkJoinWorkerThread.java:107)
Caused by: java.io.FileNotFoundException: C:\Users\alex\Coding\CSC435\SocialAppRepo\PlayGSA\app\views\profile.scala.html (The system cannot find the file specified)
	at java.io.FileInputStream.open0(Native Method)
	at java.io.FileInputStream.open(FileInputStream.java:195)
	at java.io.FileInputStream.<init>(FileInputStream.java:138)
	at play.twirl.parser.TwirlIO$.readFile(TwirlIO.scala:38)
	at play.twirl.compiler.TwirlCompiler$.compile(TwirlCompiler.scala:160)
	at play.twirl.sbt.TemplateCompiler$$anonfun$compile$2.apply(TemplateCompiler.scala:27)
	at play.twirl.sbt.TemplateCompiler$$anonfun$compile$2.apply(TemplateCompiler.scala:25)
	at scala.collection.TraversableLike$WithFilter$$anonfun$foreach$1.apply(TraversableLike.scala:772)
	at scala.collection.immutable.List.foreach(List.scala:318)
	at scala.collection.TraversableLike$WithFilter.foreach(TraversableLike.scala:771)
	at play.twirl.sbt.TemplateCompiler$.compile(TemplateCompiler.scala:25)
	at play.twirl.sbt.SbtTwirl$$anonfun$compileTemplatesTask$1.apply(SbtTwirl.scala:87)
	at play.twirl.sbt.SbtTwirl$$anonfun$compileTemplatesTask$1.apply(SbtTwirl.scala:86)
	at scala.Function1$$anonfun$compose$1.apply(Function1.scala:47)
	at sbt.$tilde$greater$$anonfun$$u2219$1.apply(TypeFunctions.scala:40)
	at sbt.std.Transform$$anon$4.work(System.scala:63)
	at sbt.Execute$$anonfun$submit$1$$anonfun$apply$1.apply(Execute.scala:228)
	at sbt.Execute$$anonfun$submit$1$$anonfun$apply$1.apply(Execute.scala:228)
	at sbt.ErrorHandling$.wideConvert(ErrorHandling.scala:17)
	at sbt.Execute.work(Execute.scala:237)
	at sbt.Execute$$anonfun$submit$1.apply(Execute.scala:228)
	at sbt.Execute$$anonfun$submit$1.apply(Execute.scala:228)
	at sbt.ConcurrentRestrictions$$anon$4$$anonfun$1.apply(ConcurrentRestrictions.scala:159)
	at sbt.CompletionService$$anon$2.call(CompletionService.scala:28)
	at java.util.concurrent.FutureTask.run(FutureTask.java:266)
	at java.util.concurrent.Executors$RunnableAdapter.call(Executors.java:511)
	at java.util.concurrent.FutureTask.run(FutureTask.java:266)
	at java.util.concurrent.ThreadPoolExecutor.runWorker(ThreadPoolExecutor.java:1142)
	at java.util.concurrent.ThreadPoolExecutor$Worker.run(ThreadPoolExecutor.java:617)
	at java.lang.Thread.run(Thread.java:745)
2017-04-13 13:57:04,481 [INFO] from application in application-akka.actor.default-dispatcher-4 - Shutting down connection pool.
2017-04-13 13:57:04,590 [INFO] from application in application-akka.actor.default-dispatcher-4 - Creating Pool for datasource 'default'
2017-04-13 13:57:04,600 [INFO] from play.api.db.DefaultDBApi in application-akka.actor.default-dispatcher-4 - Database [default] connected at jdbc:mysql://localhost:3306/social_data?useSSL=false
2017-04-13 13:57:04,801 [INFO] from play.api.Play in application-akka.actor.default-dispatcher-4 - Application started (Dev)
2017-04-13 13:57:15,153 [INFO] from application in application-akka.actor.default-dispatcher-4 - Shutting down connection pool.
2017-04-13 13:57:15,262 [INFO] from application in application-akka.actor.default-dispatcher-4 - Creating Pool for datasource 'default'
2017-04-13 13:57:15,262 [INFO] from play.api.db.DefaultDBApi in application-akka.actor.default-dispatcher-4 - Database [default] connected at jdbc:mysql://localhost:3306/social_data?useSSL=false
2017-04-13 13:57:15,463 [INFO] from play.api.Play in application-akka.actor.default-dispatcher-4 - Application started (Dev)
2017-04-13 13:58:09,606 [INFO] from application in application-akka.actor.default-dispatcher-5 - Shutting down connection pool.
2017-04-13 13:58:09,711 [INFO] from application in application-akka.actor.default-dispatcher-5 - Creating Pool for datasource 'default'
2017-04-13 13:58:09,727 [INFO] from play.api.db.DefaultDBApi in application-akka.actor.default-dispatcher-5 - Database [default] connected at jdbc:mysql://localhost:3306/social_data?useSSL=false
2017-04-13 13:58:09,895 [INFO] from play.api.Play in application-akka.actor.default-dispatcher-5 - Application started (Dev)
2017-04-13 13:58:31,478 [INFO] from application in application-akka.actor.default-dispatcher-5 - Shutting down connection pool.
2017-04-13 13:58:31,648 [INFO] from application in application-akka.actor.default-dispatcher-5 - Creating Pool for datasource 'default'
2017-04-13 13:58:31,664 [INFO] from play.api.db.DefaultDBApi in application-akka.actor.default-dispatcher-5 - Database [default] connected at jdbc:mysql://localhost:3306/social_data?useSSL=false
2017-04-13 13:58:31,832 [INFO] from play.api.Play in application-akka.actor.default-dispatcher-5 - Application started (Dev)
2017-04-13 13:58:42,664 [INFO] from application in application-akka.actor.default-dispatcher-3 - Shutting down connection pool.
2017-04-13 13:58:42,790 [INFO] from application in application-akka.actor.default-dispatcher-3 - Creating Pool for datasource 'default'
2017-04-13 13:58:42,790 [INFO] from play.api.db.DefaultDBApi in application-akka.actor.default-dispatcher-3 - Database [default] connected at jdbc:mysql://localhost:3306/social_data?useSSL=false
2017-04-13 13:58:43,043 [INFO] from play.api.Play in application-akka.actor.default-dispatcher-3 - Application started (Dev)
2017-04-13 13:58:53,439 [INFO] from application in application-akka.actor.default-dispatcher-2 - Shutting down connection pool.
2017-04-13 13:58:53,539 [INFO] from application in application-akka.actor.default-dispatcher-2 - Creating Pool for datasource 'default'
2017-04-13 13:58:53,555 [INFO] from play.api.db.DefaultDBApi in application-akka.actor.default-dispatcher-2 - Database [default] connected at jdbc:mysql://localhost:3306/social_data?useSSL=false
2017-04-13 13:58:53,724 [INFO] from play.api.Play in application-akka.actor.default-dispatcher-2 - Application started (Dev)
2017-04-13 14:00:17,535 [INFO] from application in application-akka.actor.default-dispatcher-2 - Shutting down connection pool.
2017-04-13 14:00:17,646 [INFO] from application in application-akka.actor.default-dispatcher-2 - Creating Pool for datasource 'default'
2017-04-13 14:00:17,646 [INFO] from play.api.db.DefaultDBApi in application-akka.actor.default-dispatcher-2 - Database [default] connected at jdbc:mysql://localhost:3306/social_data?useSSL=false
2017-04-13 14:00:17,820 [INFO] from play.api.Play in application-akka.actor.default-dispatcher-2 - Application started (Dev)
2017-04-13 14:01:07,263 [INFO] from application in application-akka.actor.default-dispatcher-5 - Shutting down connection pool.
2017-04-13 14:01:07,400 [INFO] from application in application-akka.actor.default-dispatcher-5 - Creating Pool for datasource 'default'
2017-04-13 14:01:07,416 [INFO] from play.api.db.DefaultDBApi in application-akka.actor.default-dispatcher-5 - Database [default] connected at jdbc:mysql://localhost:3306/social_data?useSSL=false
2017-04-13 14:01:07,617 [INFO] from play.api.Play in application-akka.actor.default-dispatcher-5 - Application started (Dev)
2017-04-13 14:01:52,172 [INFO] from application in application-akka.actor.default-dispatcher-2 - Shutting down connection pool.
2017-04-13 14:01:52,256 [INFO] from application in application-akka.actor.default-dispatcher-2 - Creating Pool for datasource 'default'
2017-04-13 14:01:52,256 [INFO] from play.api.db.DefaultDBApi in application-akka.actor.default-dispatcher-2 - Database [default] connected at jdbc:mysql://localhost:3306/social_data?useSSL=false
2017-04-13 14:01:52,422 [INFO] from play.api.Play in application-akka.actor.default-dispatcher-2 - Application started (Dev)
2017-04-13 14:04:06,903 [INFO] from application in application-akka.actor.default-dispatcher-4 - Shutting down connection pool.
2017-04-13 14:04:07,001 [INFO] from application in application-akka.actor.default-dispatcher-4 - Creating Pool for datasource 'default'
2017-04-13 14:04:07,001 [INFO] from play.api.db.DefaultDBApi in application-akka.actor.default-dispatcher-4 - Database [default] connected at jdbc:mysql://localhost:3306/social_data?useSSL=false
2017-04-13 14:04:07,169 [INFO] from play.api.Play in application-akka.actor.default-dispatcher-4 - Application started (Dev)
2017-04-13 14:04:52,684 [ERROR] from application in netty-event-loop-11 - 

! @73k3h4h3b - Internal server error, for (GET) [/profile] ->
 
play.sbt.PlayExceptions$UnexpectedException: Unexpected exception[EOFException: null]
	at play.sbt.run.PlayReload$$anonfun$taskFailureHandler$1.apply(PlayReload.scala:51)
	at play.sbt.run.PlayReload$$anonfun$taskFailureHandler$1.apply(PlayReload.scala:44)
	at scala.Option.map(Option.scala:145)
	at play.sbt.run.PlayReload$.taskFailureHandler(PlayReload.scala:44)
	at play.sbt.run.PlayReload$.compileFailure(PlayReload.scala:40)
	at play.sbt.run.PlayReload$$anonfun$compile$1.apply(PlayReload.scala:17)
	at play.sbt.run.PlayReload$$anonfun$compile$1.apply(PlayReload.scala:17)
	at scala.util.Either$LeftProjection.map(Either.scala:377)
	at play.sbt.run.PlayReload$.compile(PlayReload.scala:17)
	at play.sbt.run.PlayRun$$anonfun$playRunTask$1$$anonfun$apply$2$$anonfun$apply$3$$anonfun$2.apply(PlayRun.scala:61)
	at play.sbt.run.PlayRun$$anonfun$playRunTask$1$$anonfun$apply$2$$anonfun$apply$3$$anonfun$2.apply(PlayRun.scala:61)
	at play.runsupport.Reloader$$anonfun$reload$1.apply(Reloader.scala:339)
	at play.runsupport.Reloader$$anon$3.run(Reloader.scala:44)
	at java.security.AccessController.doPrivileged(Native Method)
	at play.runsupport.Reloader$.play$runsupport$Reloader$$withReloaderContextClassLoader(Reloader.scala:40)
	at play.runsupport.Reloader.reload(Reloader.scala:337)
	at play.core.server.DevServerStart$$anonfun$mainDev$1$$anon$1$$anonfun$get$1.apply(DevServerStart.scala:123)
	at play.core.server.DevServerStart$$anonfun$mainDev$1$$anon$1$$anonfun$get$1.apply(DevServerStart.scala:121)
	at scala.concurrent.impl.Future$PromiseCompletingRunnable.liftedTree1$1(Future.scala:24)
	at scala.concurrent.impl.Future$PromiseCompletingRunnable.run(Future.scala:24)
	at akka.dispatch.TaskInvocation.run(AbstractDispatcher.scala:39)
	at akka.dispatch.ForkJoinExecutorConfigurator$AkkaForkJoinTask.exec(AbstractDispatcher.scala:415)
	at scala.concurrent.forkjoin.ForkJoinTask.doExec(ForkJoinTask.java:260)
	at scala.concurrent.forkjoin.ForkJoinPool$WorkQueue.runTask(ForkJoinPool.java:1339)
	at scala.concurrent.forkjoin.ForkJoinPool.runWorker(ForkJoinPool.java:1979)
	at scala.concurrent.forkjoin.ForkJoinWorkerThread.run(ForkJoinWorkerThread.java:107)
Caused by: java.io.EOFException: null
	at java.io.DataInputStream.readInt(DataInputStream.java:392)
	at javassist.bytecode.ClassFile.read(ClassFile.java:777)
	at javassist.bytecode.ClassFile.<init>(ClassFile.java:124)
	at javassist.CtClassType.<init>(CtClassType.java:96)
	at javassist.ClassPool.makeClass(ClassPool.java:728)
	at javassist.ClassPool.makeClass(ClassPool.java:706)
	at play.core.enhancers.PropertiesEnhancer.rewriteAccess(PropertiesEnhancer.java:147)
	at com.typesafe.play.sbt.enhancer.PlayEnhancer$$anonfun$scopedSettings$4.apply(PlayEnhancer.scala:44)
	at com.typesafe.play.sbt.enhancer.PlayEnhancer$$anonfun$scopedSettings$4.apply(PlayEnhancer.scala:44)
	at scala.Function2$$anonfun$curried$1$$anonfun$apply$1.apply(Function2.scala:45)
	at scala.collection.TraversableLike$$anonfun$filter$1.apply(TraversableLike.scala:264)
	at scala.collection.mutable.ResizableArray$class.foreach(ResizableArray.scala:59)
	at scala.collection.mutable.ArrayBuffer.foreach(ArrayBuffer.scala:47)
	at scala.collection.TraversableLike$class.filter(TraversableLike.scala:263)
	at scala.collection.AbstractTraversable.filter(Traversable.scala:105)
	at com.typesafe.play.sbt.enhancer.PlayEnhancer$$anonfun$bytecodeEnhance$1$$anonfun$apply$2.apply(PlayEnhancer.scala:71)
	at com.typesafe.play.sbt.enhancer.PlayEnhancer$$anonfun$bytecodeEnhance$1$$anonfun$apply$2.apply(PlayEnhancer.scala:48)
	at com.typesafe.play.sbt.enhancer.PlayEnhancer$$anonfun$scopedSettings$2.apply(PlayEnhancer.scala:38)
	at com.typesafe.play.sbt.enhancer.PlayEnhancer$$anonfun$scopedSettings$2.apply(PlayEnhancer.scala:34)
	at scala.Function1$$anonfun$compose$1.apply(Function1.scala:47)
	at sbt.$tilde$greater$$anonfun$$u2219$1.apply(TypeFunctions.scala:40)
	at sbt.std.Transform$$anon$4.work(System.scala:63)
	at sbt.Execute$$anonfun$submit$1$$anonfun$apply$1.apply(Execute.scala:228)
	at sbt.Execute$$anonfun$submit$1$$anonfun$apply$1.apply(Execute.scala:228)
	at sbt.ErrorHandling$.wideConvert(ErrorHandling.scala:17)
	at sbt.Execute.work(Execute.scala:237)
	at sbt.Execute$$anonfun$submit$1.apply(Execute.scala:228)
	at sbt.Execute$$anonfun$submit$1.apply(Execute.scala:228)
	at sbt.ConcurrentRestrictions$$anon$4$$anonfun$1.apply(ConcurrentRestrictions.scala:159)
	at sbt.CompletionService$$anon$2.call(CompletionService.scala:28)
	at java.util.concurrent.FutureTask.run(FutureTask.java:266)
	at java.util.concurrent.Executors$RunnableAdapter.call(Executors.java:511)
	at java.util.concurrent.FutureTask.run(FutureTask.java:266)
	at java.util.concurrent.ThreadPoolExecutor.runWorker(ThreadPoolExecutor.java:1142)
	at java.util.concurrent.ThreadPoolExecutor$Worker.run(ThreadPoolExecutor.java:617)
	at java.lang.Thread.run(Thread.java:745)
2017-04-13 14:04:55,848 [INFO] from application in application-akka.actor.default-dispatcher-4 - Shutting down connection pool.
2017-04-13 14:04:55,933 [INFO] from application in application-akka.actor.default-dispatcher-4 - Creating Pool for datasource 'default'
2017-04-13 14:04:55,949 [INFO] from play.api.db.DefaultDBApi in application-akka.actor.default-dispatcher-4 - Database [default] connected at jdbc:mysql://localhost:3306/social_data?useSSL=false
2017-04-13 14:04:56,094 [INFO] from play.api.Play in application-akka.actor.default-dispatcher-4 - Application started (Dev)
2017-04-13 14:06:56,429 [INFO] from application in application-akka.actor.default-dispatcher-2 - Shutting down connection pool.
2017-04-13 14:06:56,562 [INFO] from application in application-akka.actor.default-dispatcher-2 - Creating Pool for datasource 'default'
2017-04-13 14:06:56,569 [INFO] from play.api.db.DefaultDBApi in application-akka.actor.default-dispatcher-2 - Database [default] connected at jdbc:mysql://localhost:3306/social_data?useSSL=false
2017-04-13 14:06:56,816 [INFO] from play.api.Play in application-akka.actor.default-dispatcher-2 - Application started (Dev)
2017-04-13 14:06:57,047 [ERROR] from application in application-akka.actor.default-dispatcher-6 - 

! @73k3hbj2g - Internal server error, for (GET) [/posts/all/Cesar] ->
 
play.api.http.HttpErrorHandlerExceptions$$anon$1: Execution exception[[IndexOutOfBoundsException: Index: 4, Size: 4]]
	at play.api.http.HttpErrorHandlerExceptions$.throwableToUsefulException(HttpErrorHandler.scala:293)
	at play.api.http.DefaultHttpErrorHandler.onServerError(HttpErrorHandler.scala:220)
	at play.api.GlobalSettings$class.onError(GlobalSettings.scala:160)
	at play.api.DefaultGlobal$.onError(GlobalSettings.scala:188)
	at play.api.http.GlobalSettingsHttpErrorHandler.onServerError(HttpErrorHandler.scala:100)
	at play.core.server.netty.PlayRequestHandler$$anonfun$2$$anonfun$apply$1.applyOrElse(PlayRequestHandler.scala:100)
	at play.core.server.netty.PlayRequestHandler$$anonfun$2$$anonfun$apply$1.applyOrElse(PlayRequestHandler.scala:99)
	at scala.concurrent.Future$$anonfun$recoverWith$1.apply(Future.scala:344)
	at scala.concurrent.Future$$anonfun$recoverWith$1.apply(Future.scala:343)
	at scala.concurrent.impl.CallbackRunnable.run(Promise.scala:32)
	at play.api.libs.iteratee.Execution$trampoline$.execute(Execution.scala:70)
	at scala.concurrent.impl.CallbackRunnable.executeWithValue(Promise.scala:40)
	at scala.concurrent.impl.Promise$DefaultPromise.tryComplete(Promise.scala:248)
	at scala.concurrent.Promise$class.complete(Promise.scala:55)
	at scala.concurrent.impl.Promise$DefaultPromise.complete(Promise.scala:153)
	at scala.concurrent.Promise$class.failure(Promise.scala:104)
	at scala.concurrent.impl.Promise$DefaultPromise.failure(Promise.scala:153)
	at scala.concurrent.Future$$anonfun$flatMap$1.apply(Future.scala:255)
	at scala.concurrent.Future$$anonfun$flatMap$1.apply(Future.scala:249)
	at scala.concurrent.impl.CallbackRunnable.run(Promise.scala:32)
	at akka.dispatch.BatchingExecutor$AbstractBatch.processBatch(BatchingExecutor.scala:55)
	at akka.dispatch.BatchingExecutor$BlockableBatch$$anonfun$run$1.apply$mcV$sp(BatchingExecutor.scala:91)
	at akka.dispatch.BatchingExecutor$BlockableBatch$$anonfun$run$1.apply(BatchingExecutor.scala:91)
	at akka.dispatch.BatchingExecutor$BlockableBatch$$anonfun$run$1.apply(BatchingExecutor.scala:91)
	at scala.concurrent.BlockContext$.withBlockContext(BlockContext.scala:72)
	at akka.dispatch.BatchingExecutor$BlockableBatch.run(BatchingExecutor.scala:90)
	at akka.dispatch.TaskInvocation.run(AbstractDispatcher.scala:39)
	at akka.dispatch.ForkJoinExecutorConfigurator$AkkaForkJoinTask.exec(AbstractDispatcher.scala:415)
	at scala.concurrent.forkjoin.ForkJoinTask.doExec(ForkJoinTask.java:260)
	at scala.concurrent.forkjoin.ForkJoinPool$WorkQueue.runTask(ForkJoinPool.java:1339)
	at scala.concurrent.forkjoin.ForkJoinPool.runWorker(ForkJoinPool.java:1979)
	at scala.concurrent.forkjoin.ForkJoinWorkerThread.run(ForkJoinWorkerThread.java:107)
Caused by: java.lang.IndexOutOfBoundsException: Index: 4, Size: 4
	at java.util.ArrayList.rangeCheck(ArrayList.java:653)
	at java.util.ArrayList.get(ArrayList.java:429)
	at com.avaje.ebean.common.BeanList.get(BeanList.java:290)
	at controllers.PostController$$anonfun$getAllPostsByName$1$$anonfun$apply$1.apply$mcVI$sp(PostController.scala:37)
	at scala.collection.immutable.Range.foreach$mVc$sp(Range.scala:166)
	at controllers.PostController$$anonfun$getAllPostsByName$1.apply(PostController.scala:34)
	at controllers.PostController$$anonfun$getAllPostsByName$1.apply(PostController.scala:31)
	at play.api.mvc.ActionBuilder$$anonfun$apply$14.apply(Action.scala:403)
	at play.api.mvc.ActionBuilder$$anonfun$apply$14.apply(Action.scala:403)
	at play.api.mvc.ActionBuilder$$anonfun$apply$13.apply(Action.scala:371)
	at play.api.mvc.ActionBuilder$$anonfun$apply$13.apply(Action.scala:370)
	at controllers.ContextAction$.invokeBlock(ContextAction.scala:12)
	at controllers.ContextAction$.invokeBlock(ContextAction.scala:8)
	at play.api.mvc.ActionBuilder$$anon$2.apply(Action.scala:458)
	at play.api.mvc.Action$$anonfun$apply$2$$anonfun$apply$5$$anonfun$apply$6.apply(Action.scala:112)
	at play.api.mvc.Action$$anonfun$apply$2$$anonfun$apply$5$$anonfun$apply$6.apply(Action.scala:112)
	at play.utils.Threads$.withContextClassLoader(Threads.scala:21)
	at play.api.mvc.Action$$anonfun$apply$2$$anonfun$apply$5.apply(Action.scala:111)
	at play.api.mvc.Action$$anonfun$apply$2$$anonfun$apply$5.apply(Action.scala:110)
	at scala.Option.map(Option.scala:146)
	at play.api.mvc.Action$$anonfun$apply$2.apply(Action.scala:110)
	at play.api.mvc.Action$$anonfun$apply$2.apply(Action.scala:103)
	at scala.concurrent.Future$$anonfun$flatMap$1.apply(Future.scala:251)
	... 14 common frames omitted
2017-04-13 14:07:07,052 [ERROR] from application in application-akka.actor.default-dispatcher-8 - 

! @73k3hc7n7 - Internal server error, for (GET) [/posts/all/Cesar] ->
 
play.api.http.HttpErrorHandlerExceptions$$anon$1: Execution exception[[IndexOutOfBoundsException: Index: 4, Size: 4]]
	at play.api.http.HttpErrorHandlerExceptions$.throwableToUsefulException(HttpErrorHandler.scala:293)
	at play.api.http.DefaultHttpErrorHandler.onServerError(HttpErrorHandler.scala:220)
	at play.api.GlobalSettings$class.onError(GlobalSettings.scala:160)
	at play.api.DefaultGlobal$.onError(GlobalSettings.scala:188)
	at play.api.http.GlobalSettingsHttpErrorHandler.onServerError(HttpErrorHandler.scala:100)
	at play.core.server.netty.PlayRequestHandler$$anonfun$2$$anonfun$apply$1.applyOrElse(PlayRequestHandler.scala:100)
	at play.core.server.netty.PlayRequestHandler$$anonfun$2$$anonfun$apply$1.applyOrElse(PlayRequestHandler.scala:99)
	at scala.concurrent.Future$$anonfun$recoverWith$1.apply(Future.scala:344)
	at scala.concurrent.Future$$anonfun$recoverWith$1.apply(Future.scala:343)
	at scala.concurrent.impl.CallbackRunnable.run(Promise.scala:32)
	at play.api.libs.iteratee.Execution$trampoline$.execute(Execution.scala:70)
	at scala.concurrent.impl.CallbackRunnable.executeWithValue(Promise.scala:40)
	at scala.concurrent.impl.Promise$DefaultPromise.tryComplete(Promise.scala:248)
	at scala.concurrent.Promise$class.complete(Promise.scala:55)
	at scala.concurrent.impl.Promise$DefaultPromise.complete(Promise.scala:153)
	at scala.concurrent.Promise$class.failure(Promise.scala:104)
	at scala.concurrent.impl.Promise$DefaultPromise.failure(Promise.scala:153)
	at scala.concurrent.Future$$anonfun$flatMap$1.apply(Future.scala:255)
	at scala.concurrent.Future$$anonfun$flatMap$1.apply(Future.scala:249)
	at scala.concurrent.impl.CallbackRunnable.run(Promise.scala:32)
	at akka.dispatch.BatchingExecutor$AbstractBatch.processBatch(BatchingExecutor.scala:55)
	at akka.dispatch.BatchingExecutor$BlockableBatch$$anonfun$run$1.apply$mcV$sp(BatchingExecutor.scala:91)
	at akka.dispatch.BatchingExecutor$BlockableBatch$$anonfun$run$1.apply(BatchingExecutor.scala:91)
	at akka.dispatch.BatchingExecutor$BlockableBatch$$anonfun$run$1.apply(BatchingExecutor.scala:91)
	at scala.concurrent.BlockContext$.withBlockContext(BlockContext.scala:72)
	at akka.dispatch.BatchingExecutor$BlockableBatch.run(BatchingExecutor.scala:90)
	at akka.dispatch.TaskInvocation.run(AbstractDispatcher.scala:39)
	at akka.dispatch.ForkJoinExecutorConfigurator$AkkaForkJoinTask.exec(AbstractDispatcher.scala:415)
	at scala.concurrent.forkjoin.ForkJoinTask.doExec(ForkJoinTask.java:260)
	at scala.concurrent.forkjoin.ForkJoinPool$WorkQueue.runTask(ForkJoinPool.java:1339)
	at scala.concurrent.forkjoin.ForkJoinPool.runWorker(ForkJoinPool.java:1979)
	at scala.concurrent.forkjoin.ForkJoinWorkerThread.run(ForkJoinWorkerThread.java:107)
Caused by: java.lang.IndexOutOfBoundsException: Index: 4, Size: 4
	at java.util.ArrayList.rangeCheck(ArrayList.java:653)
	at java.util.ArrayList.get(ArrayList.java:429)
	at com.avaje.ebean.common.BeanList.get(BeanList.java:290)
	at controllers.PostController$$anonfun$getAllPostsByName$1$$anonfun$apply$1.apply$mcVI$sp(PostController.scala:37)
	at scala.collection.immutable.Range.foreach$mVc$sp(Range.scala:166)
	at controllers.PostController$$anonfun$getAllPostsByName$1.apply(PostController.scala:34)
	at controllers.PostController$$anonfun$getAllPostsByName$1.apply(PostController.scala:31)
	at play.api.mvc.ActionBuilder$$anonfun$apply$14.apply(Action.scala:403)
	at play.api.mvc.ActionBuilder$$anonfun$apply$14.apply(Action.scala:403)
	at play.api.mvc.ActionBuilder$$anonfun$apply$13.apply(Action.scala:371)
	at play.api.mvc.ActionBuilder$$anonfun$apply$13.apply(Action.scala:370)
	at controllers.ContextAction$.invokeBlock(ContextAction.scala:12)
	at controllers.ContextAction$.invokeBlock(ContextAction.scala:8)
	at play.api.mvc.ActionBuilder$$anon$2.apply(Action.scala:458)
	at play.api.mvc.Action$$anonfun$apply$2$$anonfun$apply$5$$anonfun$apply$6.apply(Action.scala:112)
	at play.api.mvc.Action$$anonfun$apply$2$$anonfun$apply$5$$anonfun$apply$6.apply(Action.scala:112)
	at play.utils.Threads$.withContextClassLoader(Threads.scala:21)
	at play.api.mvc.Action$$anonfun$apply$2$$anonfun$apply$5.apply(Action.scala:111)
	at play.api.mvc.Action$$anonfun$apply$2$$anonfun$apply$5.apply(Action.scala:110)
	at scala.Option.map(Option.scala:146)
	at play.api.mvc.Action$$anonfun$apply$2.apply(Action.scala:110)
	at play.api.mvc.Action$$anonfun$apply$2.apply(Action.scala:103)
	at scala.concurrent.Future$$anonfun$flatMap$1.apply(Future.scala:251)
	... 14 common frames omitted
2017-04-13 14:07:37,876 [INFO] from application in application-akka.actor.default-dispatcher-2 - Shutting down connection pool.
2017-04-13 14:07:37,960 [INFO] from application in application-akka.actor.default-dispatcher-2 - Creating Pool for datasource 'default'
2017-04-13 14:07:37,960 [INFO] from play.api.db.DefaultDBApi in application-akka.actor.default-dispatcher-2 - Database [default] connected at jdbc:mysql://localhost:3306/social_data?useSSL=false
2017-04-13 14:07:38,145 [INFO] from play.api.Play in application-akka.actor.default-dispatcher-2 - Application started (Dev)
2017-04-13 14:08:41,158 [INFO] from application in application-akka.actor.default-dispatcher-5 - Shutting down connection pool.
2017-04-13 14:08:41,271 [INFO] from application in application-akka.actor.default-dispatcher-5 - Creating Pool for datasource 'default'
2017-04-13 14:08:41,271 [INFO] from play.api.db.DefaultDBApi in application-akka.actor.default-dispatcher-5 - Database [default] connected at jdbc:mysql://localhost:3306/social_data?useSSL=false
2017-04-13 14:08:41,509 [INFO] from play.api.Play in application-akka.actor.default-dispatcher-5 - Application started (Dev)
2017-04-13 14:08:54,006 [INFO] from application in application-akka.actor.default-dispatcher-7 - Shutting down connection pool.
2017-04-13 14:08:54,121 [INFO] from application in application-akka.actor.default-dispatcher-7 - Creating Pool for datasource 'default'
2017-04-13 14:08:54,128 [INFO] from play.api.db.DefaultDBApi in application-akka.actor.default-dispatcher-7 - Database [default] connected at jdbc:mysql://localhost:3306/social_data?useSSL=false
2017-04-13 14:08:54,307 [INFO] from play.api.Play in application-akka.actor.default-dispatcher-7 - Application started (Dev)
